2019-06-13 11:14:25 - Executed. Employee added to the database
2019-06-13 11:14:25 - SQL Exception: Can't call commit when autocommit=true
2019-06-13 11:14:28 - Executed. Employee added to the database
2019-06-13 11:14:28 - SQL Exception: Can't call commit when autocommit=true
2019-06-13 11:14:28 - Executed. Employee added to the database
2019-06-13 11:14:28 - SQL Exception: Can't call commit when autocommit=true
2019-06-13 11:14:28 - Executed. Employee added to the database
2019-06-13 11:14:28 - SQL Exception: Can't call commit when autocommit=true
2019-06-13 11:14:28 - Executed. Employee added to the database
2019-06-13 11:14:28 - SQL Exception: Can't call commit when autocommit=true
2019-06-13 11:14:28 - Executed. Employee added to the database
2019-06-13 11:14:28 - SQL Exception: Can't call commit when autocommit=true
2019-06-13 11:14:28 - Executed. Employee added to the database
2019-06-13 11:14:28 - SQL Exception: Can't call commit when autocommit=true
2019-06-13 11:14:28 - Executed. Employee added to the database
2019-06-13 11:14:28 - SQL Exception: Can't call commit when autocommit=true
2019-06-13 11:14:28 - Executed. Employee added to the database
2019-06-13 11:14:28 - SQL Exception: Can't call commit when autocommit=true
2019-06-13 11:14:28 - Executed. Employee added to the database
2019-06-13 11:14:28 - SQL Exception: Can't call commit when autocommit=true
2019-06-13 11:14:28 - Executed. Employee added to the database
2019-06-13 11:14:28 - SQL Exception: Can't call commit when autocommit=true
2019-06-13 11:14:29 - Executed. Employee added to the database
2019-06-13 11:14:29 - SQL Exception: Can't call commit when autocommit=true
2019-06-13 11:14:29 - Executed. Employee added to the database
2019-06-13 11:14:29 - SQL Exception: Can't call commit when autocommit=true
2019-06-13 11:14:29 - Executed. Employee added to the database
2019-06-13 11:14:29 - SQL Exception: Can't call commit when autocommit=true
2019-06-13 11:14:29 - Executed. Employee added to the database
2019-06-13 11:14:29 - SQL Exception: Can't call commit when autocommit=true
2019-06-13 11:14:29 - Executed. Employee added to the database
2019-06-13 11:14:29 - SQL Exception: Can't call commit when autocommit=true
2019-06-13 11:14:29 - Executed. Employee added to the database
2019-06-13 11:14:29 - SQL Exception: Can't call commit when autocommit=true
2019-06-13 11:14:29 - Executed. Employee added to the database
2019-06-13 11:14:29 - SQL Exception: Can't call commit when autocommit=true
2019-06-13 11:14:29 - Executed. Employee added to the database
2019-06-13 11:14:29 - SQL Exception: Can't call commit when autocommit=true
2019-06-13 11:14:29 - Executed. Employee added to the database
2019-06-13 11:14:29 - SQL Exception: Can't call commit when autocommit=true
2019-06-13 11:14:29 - Executed. Employee added to the database
2019-06-13 11:14:29 - SQL Exception: Can't call commit when autocommit=true
2019-06-13 11:15:23 - Executed. Employee added to the database
2019-06-13 11:15:25 - Executed. Employee added to the database
2019-06-13 11:15:25 - Executed. Employee added to the database
2019-06-13 11:15:26 - Executed. Employee added to the database
2019-06-13 11:15:26 - Executed. Employee added to the database
2019-06-13 11:15:26 - Executed. Employee added to the database
2019-06-13 11:15:26 - Executed. Employee added to the database
2019-06-13 11:15:26 - Executed. Employee added to the database
2019-06-13 11:15:26 - Executed. Employee added to the database
2019-06-13 11:15:26 - Executed. Employee added to the database
2019-06-13 11:15:26 - Executed. Employee added to the database
2019-06-13 11:15:26 - Executed. Employee added to the database
2019-06-13 11:15:26 - Executed. Employee added to the database
2019-06-13 11:15:26 - Executed. Employee added to the database
2019-06-13 11:15:26 - Executed. Employee added to the database
2019-06-13 11:15:26 - Executed. Employee added to the database
2019-06-13 11:15:27 - Executed. Employee added to the database
2019-06-13 11:15:27 - Executed. Employee added to the database
2019-06-13 11:15:27 - Executed. Employee added to the database
2019-06-13 11:15:27 - Executed. Employee added to the database
2019-06-13 11:15:27 - Executed. Employee added to the database
2019-06-13 11:15:27 - Executed. Employee added to the database
2019-06-13 11:15:27 - Executed. Employee added to the database
2019-06-13 11:15:27 - Executed. Employee added to the database
2019-06-13 11:15:27 - Executed. Employee added to the database
2019-06-13 11:15:27 - Executed. Employee added to the database
2019-06-13 11:17:09 - Executed. Employee added to the database
2019-06-13 11:17:12 - Executed. Employee added to the database
2019-06-13 11:17:12 - Executed. Employee added to the database
2019-06-13 11:17:12 - Executed. Employee added to the database
2019-06-13 11:17:12 - Executed. Employee added to the database
2019-06-13 11:17:12 - Executed. Employee added to the database
2019-06-13 11:17:12 - Executed. Employee added to the database
2019-06-13 11:17:12 - Executed. Employee added to the database
2019-06-13 11:17:12 - Executed. Employee added to the database
2019-06-13 11:17:12 - Executed. Employee added to the database
2019-06-13 11:17:12 - Executed. Employee added to the database
2019-06-13 11:17:13 - Executed. Employee added to the database
2019-06-13 11:17:13 - Executed. Employee added to the database
2019-06-13 11:17:13 - Executed. Employee added to the database
2019-06-13 11:17:13 - Executed. Employee added to the database
2019-06-13 11:17:13 - Executed. Employee added to the database
2019-06-13 11:17:13 - Executed. Employee added to the database
2019-06-13 11:17:13 - Executed. Employee added to the database
2019-06-13 11:17:13 - Executed. Employee added to the database
2019-06-13 11:17:13 - Executed. Employee added to the database
2019-06-13 11:17:13 - Executed. Employee added to the database
2019-06-13 11:17:13 - Executed. Employee added to the database
2019-06-13 11:17:14 - Executed. Employee added to the database
2019-06-13 11:17:14 - Executed. Employee added to the database
2019-06-13 11:17:14 - Executed. Employee added to the database
2019-06-13 11:17:14 - Executed. Employee added to the database
2019-06-13 11:17:14 - Executed. Employee added to the database
2019-06-13 11:17:14 - Executed. Employee added to the database
2019-06-13 11:17:14 - Executed. Employee added to the database
2019-06-13 11:17:14 - Executed. Employee added to the database
2019-06-13 11:17:14 - Executed. Employee added to the database
2019-06-13 11:17:14 - Executed. Employee added to the database
2019-06-13 11:17:15 - Executed. Employee added to the database
2019-06-13 11:17:15 - Executed. Employee added to the database
2019-06-13 11:17:15 - Executed. Employee added to the database
2019-06-13 11:17:15 - Executed. Employee added to the database
2019-06-13 11:17:15 - Executed. Employee added to the database
2019-06-13 11:17:15 - Executed. Employee added to the database
2019-06-13 11:17:15 - Executed. Employee added to the database
2019-06-13 11:17:15 - Executed. Employee added to the database
2019-06-13 11:17:15 - Executed. Employee added to the database
2019-06-13 11:17:15 - Executed. Employee added to the database
2019-06-13 11:17:15 - Executed. Employee added to the database
2019-06-13 11:17:15 - Executed. Employee added to the database
2019-06-13 11:17:15 - Executed. Employee added to the database
2019-06-13 11:17:16 - Executed. Employee added to the database
2019-06-13 11:17:16 - Executed. Employee added to the database
2019-06-13 11:17:16 - Executed. Employee added to the database
2019-06-13 11:17:16 - Executed. Employee added to the database
2019-06-13 11:17:16 - Executed. Employee added to the database
2019-06-13 11:17:16 - Executed. Employee added to the database
2019-06-13 11:17:16 - Executed. Employee added to the database
2019-06-13 11:17:16 - Executed. Employee added to the database
2019-06-13 11:17:16 - Executed. Employee added to the database
2019-06-13 11:17:16 - Executed. Employee added to the database
2019-06-13 11:17:16 - Executed. Employee added to the database
2019-06-13 11:17:16 - Executed. Employee added to the database
2019-06-13 11:17:16 - Executed. Employee added to the database
2019-06-13 11:17:16 - Executed. Employee added to the database
2019-06-13 11:17:16 - Executed. Employee added to the database
2019-06-13 11:17:16 - Executed. Employee added to the database
2019-06-13 11:17:17 - Executed. Employee added to the database
2019-06-13 11:17:17 - Executed. Employee added to the database
2019-06-13 11:17:17 - Executed. Employee added to the database
2019-06-13 11:17:17 - Executed. Employee added to the database
2019-06-13 11:17:17 - Executed. Employee added to the database
2019-06-13 11:17:17 - Executed. Employee added to the database
2019-06-13 11:17:17 - Executed. Employee added to the database
2019-06-13 11:17:17 - Executed. Employee added to the database
2019-06-13 11:30:18 - Create Employee Server Response: {"error":{"text":SQLSTATE[23000]: Integrity constraint violation: 1048 Column 'employee_name' cannot be null}}
2019-06-13 11:31:24 - Create Employee Request: {"profile_image":"","employee_name":"SafaricomHackathoner","employee_salary":180000,"id":"123456","employee_age":32}
2019-06-13 11:31:25 - Create Employee Server Response: {"error":{"text":SQLSTATE[23000]: Integrity constraint violation: 1048 Column 'employee_name' cannot be null}}
2019-06-13 11:35:38 - Update Employee. ID: 26245
2019-06-13 11:35:39 - Create Employee Server Response: {"error":{"text":SQLSTATE[23000]: Integrity constraint violation: 1062 Duplicate entry '' for key 'employee_name_unique'}}
2019-06-13 11:37:23 - Update Employee. ID: 26245
2019-06-13 11:37:24 - Update Employee Server Response: {"error":{"text":SQLSTATE[23000]: Integrity constraint violation: 1062 Duplicate entry '' for key 'employee_name_unique'}}
2019-06-13 11:38:25 - Update Employee. ID: 26245
2019-06-13 11:38:35 - Update Employee. ID: 26245
2019-06-13 11:38:36 - Update Employee Server Response: {"error":{"text":SQLSTATE[23000]: Integrity constraint violation: 1062 Duplicate entry '' for key 'employee_name_unique'}}
2019-06-13 02:35:52 - Executed. Employee added to the database
2019-06-13 02:35:54 - Executed. Employee added to the database
2019-06-13 02:35:54 - Executed. Employee added to the database
2019-06-13 02:35:54 - Executed. Employee added to the database
2019-06-13 02:35:54 - Executed. Employee added to the database
2019-06-13 02:35:55 - Executed. Employee added to the database
2019-06-13 02:35:55 - Executed. Employee added to the database
2019-06-13 02:35:55 - Executed. Employee added to the database
2019-06-13 02:35:55 - Executed. Employee added to the database
2019-06-13 02:35:55 - Executed. Employee added to the database
2019-06-13 02:35:55 - Executed. Employee added to the database
2019-06-13 02:35:55 - Executed. Employee added to the database
2019-06-13 02:35:55 - Executed. Employee added to the database
2019-06-13 02:35:55 - Executed. Employee added to the database
2019-06-13 02:35:55 - Executed. Employee added to the database
2019-06-13 02:35:55 - Executed. Employee added to the database
2019-06-13 02:35:56 - Executed. Employee added to the database
2019-06-13 02:35:56 - Executed. Employee added to the database
2019-06-13 02:35:56 - Executed. Employee added to the database
2019-06-13 02:35:56 - Executed. Employee added to the database
2019-06-13 02:35:56 - Executed. Employee added to the database
2019-06-13 02:35:56 - Executed. Employee added to the database
2019-06-13 02:35:56 - Executed. Employee added to the database
2019-06-13 02:35:56 - Executed. Employee added to the database
2019-06-13 02:35:56 - Executed. Employee added to the database
2019-06-13 02:35:56 - Executed. Employee added to the database
2019-06-13 02:35:56 - Executed. Employee added to the database
2019-06-13 02:35:56 - Executed. Employee added to the database
2019-06-13 02:35:56 - Executed. Employee added to the database
2019-06-13 02:35:57 - Executed. Employee added to the database
2019-06-13 02:35:57 - Executed. Employee added to the database
2019-06-13 02:35:57 - Executed. Employee added to the database
2019-06-13 02:35:57 - Executed. Employee added to the database
2019-06-13 02:35:57 - Executed. Employee added to the database
2019-06-13 02:35:57 - Executed. Employee added to the database
2019-06-13 02:35:57 - Executed. Employee added to the database
2019-06-13 02:35:57 - Executed. Employee added to the database
2019-06-13 02:35:57 - Executed. Employee added to the database
2019-06-13 02:35:57 - Executed. Employee added to the database
2019-06-13 02:35:57 - Executed. Employee added to the database
2019-06-13 02:35:57 - Executed. Employee added to the database
2019-06-13 02:35:57 - Executed. Employee added to the database
2019-06-13 02:35:57 - Executed. Employee added to the database
2019-06-13 02:35:58 - Executed. Employee added to the database
2019-06-13 02:35:58 - Executed. Employee added to the database
2019-06-13 02:35:58 - Executed. Employee added to the database
2019-06-13 02:35:58 - Executed. Employee added to the database
2019-06-13 02:35:58 - Executed. Employee added to the database
2019-06-13 02:35:58 - Executed. Employee added to the database
2019-06-13 02:35:58 - Executed. Employee added to the database
2019-06-13 02:35:58 - Executed. Employee added to the database
2019-06-13 02:35:58 - Executed. Employee added to the database
2019-06-13 02:35:58 - Executed. Employee added to the database
2019-06-13 02:35:58 - Executed. Employee added to the database
2019-06-13 02:35:58 - Executed. Employee added to the database
2019-06-13 02:35:58 - Executed. Employee added to the database
2019-06-13 02:35:58 - Executed. Employee added to the database
2019-06-13 02:35:58 - Executed. Employee added to the database
2019-06-13 02:35:59 - Executed. Employee added to the database
2019-06-13 02:35:59 - Executed. Employee added to the database
2019-06-13 02:35:59 - Executed. Employee added to the database
2019-06-13 02:35:59 - Executed. Employee added to the database
2019-06-13 02:35:59 - Executed. Employee added to the database
2019-06-13 02:35:59 - Executed. Employee added to the database
2019-06-13 02:35:59 - Executed. Employee added to the database
2019-06-13 02:35:59 - Executed. Employee added to the database
2019-06-13 02:35:59 - Executed. Employee added to the database
2019-06-13 02:35:59 - Executed. Employee added to the database
2019-06-13 02:35:59 - Executed. Employee added to the database
2019-06-13 02:36:00 - Executed. Employee added to the database
2019-06-13 02:36:00 - Executed. Employee added to the database
2019-06-13 02:36:00 - Executed. Employee added to the database
2019-06-13 02:36:00 - Executed. Employee added to the database
2019-06-13 02:36:00 - Executed. Employee added to the database
2019-06-13 02:36:00 - Executed. Employee added to the database
2019-06-13 02:36:00 - Executed. Employee added to the database
2019-06-13 02:36:00 - Executed. Employee added to the database
2019-06-13 02:36:00 - Executed. Employee added to the database
2019-06-13 02:36:00 - Executed. Employee added to the database
2019-06-13 02:36:00 - Executed. Employee added to the database
2019-06-13 02:36:00 - Executed. Employee added to the database
2019-06-13 02:36:00 - Executed. Employee added to the database
2019-06-13 02:36:00 - Executed. Employee added to the database
2019-06-13 02:36:00 - Executed. Employee added to the database
2019-06-13 02:36:01 - Executed. Employee added to the database
2019-06-13 02:36:01 - Executed. Employee added to the database
2019-06-13 02:36:01 - Executed. Employee added to the database
2019-06-13 02:36:01 - Executed. Employee added to the database
2019-06-13 02:36:01 - Executed. Employee added to the database
2019-06-13 02:36:01 - Executed. Employee added to the database
2019-06-13 02:36:01 - Executed. Employee added to the database
2019-06-13 02:36:01 - Executed. Employee added to the database
2019-06-13 02:36:01 - Executed. Employee added to the database
2019-06-13 02:36:01 - Executed. Employee added to the database
2019-06-13 02:36:01 - Executed. Employee added to the database
2019-06-13 02:36:01 - Executed. Employee added to the database
2019-06-13 02:36:01 - Executed. Employee added to the database
2019-06-13 02:36:02 - Executed. Employee added to the database
2019-06-13 02:36:02 - Executed. Employee added to the database
2019-06-13 02:36:02 - Executed. Employee added to the database
2019-06-13 02:36:02 - Executed. Employee added to the database
2019-06-13 02:36:02 - Executed. Employee added to the database
2019-06-13 02:36:02 - Executed. Employee added to the database
2019-06-13 02:36:02 - Executed. Employee added to the database
2019-06-13 02:36:02 - Executed. Employee added to the database
2019-06-13 02:36:02 - Executed. Employee added to the database
2019-06-13 02:36:02 - Executed. Employee added to the database
2019-06-13 02:36:02 - Executed. Employee added to the database
2019-06-13 02:36:02 - Executed. Employee added to the database
2019-06-13 02:36:02 - Executed. Employee added to the database
2019-06-13 02:36:02 - Executed. Employee added to the database
2019-06-13 02:36:02 - Executed. Employee added to the database
2019-06-13 02:36:03 - Executed. Employee added to the database
2019-06-13 02:36:03 - Executed. Employee added to the database
2019-06-13 02:36:03 - Executed. Employee added to the database
2019-06-13 02:36:03 - Executed. Employee added to the database
2019-06-13 02:36:03 - Executed. Employee added to the database
2019-06-13 02:36:03 - Executed. Employee added to the database
2019-06-13 02:36:03 - Executed. Employee added to the database
2019-06-13 02:36:03 - Executed. Employee added to the database
2019-06-13 02:36:03 - Executed. Employee added to the database
2019-06-13 02:36:03 - Executed. Employee added to the database
2019-06-13 04:39:09 - Executed. Player details added to the database
2019-06-13 05:27:40 - Executed. Employee added to the database
2019-06-13 05:27:43 - Executed. Employee added to the database
2019-06-13 05:27:43 - Executed. Employee added to the database
2019-06-13 05:27:43 - Executed. Employee added to the database
2019-06-13 05:27:43 - Executed. Employee added to the database
2019-06-13 05:27:43 - Executed. Employee added to the database
2019-06-13 05:27:43 - Executed. Employee added to the database
2019-06-13 05:27:43 - Executed. Employee added to the database
2019-06-13 05:27:44 - Executed. Employee added to the database
2019-06-13 05:27:44 - Executed. Employee added to the database
2019-06-13 05:27:44 - Executed. Employee added to the database
2019-06-13 05:27:44 - Executed. Employee added to the database
2019-06-13 05:27:44 - Executed. Employee added to the database
2019-06-13 05:27:44 - Executed. Employee added to the database
2019-06-13 05:27:44 - Executed. Employee added to the database
2019-06-13 05:27:44 - Executed. Employee added to the database
2019-06-13 05:27:45 - Executed. Employee added to the database
2019-06-13 05:27:45 - Executed. Employee added to the database
2019-06-13 05:27:45 - Executed. Employee added to the database
2019-06-13 05:27:45 - Executed. Employee added to the database
2019-06-13 05:27:45 - Executed. Employee added to the database
2019-06-13 05:27:45 - Executed. Employee added to the database
2019-06-13 05:27:45 - Executed. Employee added to the database
2019-06-13 05:27:45 - Executed. Employee added to the database
2019-06-13 05:27:46 - Executed. Employee added to the database
2019-06-13 05:27:46 - Executed. Employee added to the database
2019-06-13 05:27:46 - Executed. Employee added to the database
2019-06-13 05:27:46 - Executed. Employee added to the database
2019-06-13 05:27:46 - Executed. Employee added to the database
2019-06-13 05:27:46 - Executed. Employee added to the database
2019-06-13 05:27:46 - Executed. Employee added to the database
2019-06-13 05:27:46 - Executed. Employee added to the database
2019-06-13 05:27:46 - Executed. Employee added to the database
2019-06-13 05:27:47 - Executed. Employee added to the database
2019-06-13 05:27:47 - Executed. Employee added to the database
2019-06-13 05:27:47 - Executed. Employee added to the database
2019-06-13 05:27:47 - Executed. Employee added to the database
2019-06-13 05:27:47 - Executed. Employee added to the database
2019-06-13 05:27:47 - Executed. Employee added to the database
2019-06-13 05:27:47 - Executed. Employee added to the database
2019-06-13 05:27:48 - Executed. Employee added to the database
2019-06-13 05:27:48 - Executed. Employee added to the database
2019-06-13 05:27:48 - Executed. Employee added to the database
2019-06-13 05:27:48 - Executed. Employee added to the database
2019-06-13 05:27:48 - Executed. Employee added to the database
2019-06-13 05:27:48 - Executed. Employee added to the database
2019-06-13 05:27:48 - Executed. Employee added to the database
2019-06-13 05:27:48 - Executed. Employee added to the database
2019-06-13 05:27:48 - Executed. Employee added to the database
2019-06-13 05:27:48 - Executed. Employee added to the database
2019-06-13 05:27:48 - Executed. Employee added to the database
2019-06-13 05:27:48 - Executed. Employee added to the database
2019-06-13 05:27:48 - Executed. Employee added to the database
2019-06-13 05:27:49 - Executed. Employee added to the database
2019-06-13 05:27:49 - Executed. Employee added to the database
2019-06-13 05:27:49 - Executed. Employee added to the database
2019-06-13 05:27:49 - Executed. Employee added to the database
2019-06-13 05:27:49 - Executed. Employee added to the database
2019-06-13 05:27:49 - Executed. Employee added to the database
2019-06-13 05:27:49 - Executed. Employee added to the database
2019-06-13 05:27:49 - Executed. Employee added to the database
2019-06-13 05:27:50 - Executed. Employee added to the database
2019-06-13 05:27:50 - Executed. Employee added to the database
2019-06-13 05:27:50 - Executed. Employee added to the database
2019-06-13 05:27:50 - Executed. Employee added to the database
2019-06-13 05:27:50 - Executed. Employee added to the database
2019-06-13 05:27:50 - Executed. Employee added to the database
2019-06-13 05:27:50 - Executed. Employee added to the database
2019-06-13 05:27:51 - Executed. Employee added to the database
2019-06-13 05:27:51 - Executed. Employee added to the database
2019-06-13 05:27:51 - Executed. Employee added to the database
2019-06-13 05:27:51 - Executed. Employee added to the database
2019-06-13 05:27:51 - Executed. Employee added to the database
2019-06-13 05:27:51 - Executed. Employee added to the database
2019-06-13 05:27:51 - Executed. Employee added to the database
2019-06-13 05:27:52 - Executed. Employee added to the database
2019-06-13 05:27:52 - Executed. Employee added to the database
2019-06-13 05:27:52 - Executed. Employee added to the database
2019-06-13 05:27:52 - Executed. Employee added to the database
2019-06-13 05:27:52 - Executed. Employee added to the database
2019-06-13 05:27:52 - Executed. Employee added to the database
2019-06-13 05:27:52 - Executed. Employee added to the database
2019-06-13 05:27:52 - Executed. Employee added to the database
2019-06-13 05:27:52 - Executed. Employee added to the database
2019-06-13 05:27:52 - Executed. Employee added to the database
2019-06-13 05:27:52 - Executed. Employee added to the database
2019-06-13 05:27:53 - Executed. Employee added to the database
2019-06-13 05:27:53 - Executed. Employee added to the database
2019-06-13 05:27:53 - Executed. Employee added to the database
2019-06-13 05:27:53 - Executed. Employee added to the database
2019-06-13 05:27:53 - Executed. Employee added to the database
2019-06-13 05:27:53 - Executed. Employee added to the database
2019-06-13 05:27:53 - Executed. Employee added to the database
2019-06-13 05:27:53 - Executed. Employee added to the database
2019-06-13 05:27:53 - Executed. Employee added to the database
2019-06-13 05:27:53 - Executed. Employee added to the database
2019-06-13 05:27:53 - Executed. Employee added to the database
2019-06-13 05:27:54 - Executed. Employee added to the database
2019-06-13 05:27:54 - Executed. Employee added to the database
2019-06-13 05:27:54 - Executed. Employee added to the database
2019-06-13 05:27:54 - Executed. Employee added to the database
2019-06-13 05:27:54 - Executed. Employee added to the database
2019-06-13 05:27:54 - Executed. Employee added to the database
2019-06-13 05:27:54 - Executed. Employee added to the database
2019-06-13 05:27:54 - Executed. Employee added to the database
2019-06-13 05:27:54 - Executed. Employee added to the database
2019-06-13 05:27:54 - Executed. Employee added to the database
2019-06-13 05:27:54 - Executed. Employee added to the database
2019-06-13 05:27:55 - Executed. Employee added to the database
2019-06-13 05:27:55 - Executed. Employee added to the database
2019-06-13 05:27:55 - Executed. Employee added to the database
2019-06-13 05:27:55 - Executed. Employee added to the database
2019-06-13 05:27:55 - Executed. Employee added to the database
2019-06-13 05:27:55 - Executed. Employee added to the database
2019-06-13 05:27:55 - Executed. Employee added to the database
2019-06-13 05:27:55 - Executed. Employee added to the database
2019-06-13 05:27:56 - Executed. Employee added to the database
2019-06-13 05:27:56 - Executed. Employee added to the database
2019-06-13 05:27:56 - Executed. Employee added to the database
2019-06-13 05:27:56 - Executed. Employee added to the database
2019-06-13 05:27:56 - Executed. Employee added to the database
2019-06-13 05:27:56 - Executed. Employee added to the database
2019-06-13 05:27:57 - Executed. Employee added to the database
2019-06-13 05:27:57 - Executed. Employee added to the database
2019-06-13 05:27:57 - Executed. Employee added to the database
2019-06-13 05:27:58 - Executed. Employee added to the database
2019-06-13 05:27:58 - Executed. Employee added to the database
2019-06-13 05:27:58 - Executed. Employee added to the database
2019-06-13 05:27:58 - Executed. Employee added to the database
2019-06-13 05:27:58 - Executed. Employee added to the database
2019-06-13 05:27:59 - Executed. Employee added to the database
2019-06-13 05:27:59 - Executed. Employee added to the database
2019-06-13 05:27:59 - Executed. Employee added to the database
2019-06-13 05:27:59 - Executed. Employee added to the database
2019-06-13 05:27:59 - Executed. Employee added to the database
2019-06-13 05:27:59 - Executed. Employee added to the database
2019-06-13 05:27:59 - Executed. Employee added to the database
2019-06-13 05:28:48 - Create Employee Request: {"profile_image":"","employee_name":"SafaricomHackathoner","employee_salary":180000,"id":"123456","employee_age":32}
2019-06-13 05:28:49 - Create Employee Server Response: {"error":{"text":SQLSTATE[23000]: Integrity constraint violation: 1048 Column 'employee_name' cannot be null}}
2019-06-13 05:30:06 - Update Employee. ID: 26245
2019-06-13 05:30:07 - Update Employee Server Response: {"error":{"text":SQLSTATE[23000]: Integrity constraint violation: 1062 Duplicate entry '' for key 'employee_name_unique'}}
2019-06-13 05:35:49 - Executed. Player details added to the database
